#
# A fatal error has been detected by the Java Runtime Environment:
#
#  EXCEPTION_ACCESS_VIOLATION (0xc0000005) at pc=0x00007fff4108b5d9, pid=9004, tid=20388
#
# JRE version: Java(TM) SE Runtime Environment (12.0.2+10) (build 12.0.2+10)
# Java VM: Java HotSpot(TM) 64-Bit Server VM (12.0.2+10, mixed mode, sharing, tiered, compressed oops, g1 gc, windows-amd64)
# Problematic frame:
# V  [jvm.dll+0x25b5d9]
#
# No core dump will be written. Minidumps are not enabled by default on client versions of Windows
#
# If you would like to submit a bug report, please visit:
#   http://bugreport.java.com/bugreport/crash.jsp
#

---------------  S U M M A R Y ------------

Command Line: -agentlib:jdwp=transport=dt_socket,suspend=y,address=localhost:52887 -ea -javaagent:C:\Users\Yuval Shimon\eclipse\java-2019-12\eclipse\configuration\org.eclipse.osgi\226\0\.cp\lib\javaagent-shaded.jar -Dfile.encoding=Cp1252 org.eclipse.jdt.internal.junit.runner.RemoteTestRunner -version 3 -port 52886 -testLoaderClass org.eclipse.jdt.internal.junit5.runner.JUnit5TestLoader -loaderpluginname org.eclipse.jdt.junit5.runtime -classNames com.hit.test.BelmanFordAlgoTest

Host: Intel(R) Core(TM) i7-8700 CPU @ 3.20GHz, 12 cores, 15G,  Windows 10 , 64 bit Build 18362 (10.0.18362.329)
Time: Sun Dec 29 08:28:35 2019 Jerusalem Standard Time elapsed time: 26266 seconds (0d 7h 17m 46s)

---------------  T H R E A D  ---------------

Current thread (0x000002b7c5888000):  VMThread "VM Thread" [stack: 0x000000ea95100000,0x000000ea95200000] [id=20388]

Stack: [0x000000ea95100000,0x000000ea95200000],  sp=0x000000ea951fe908,  free space=1018k
Native frames: (J=compiled Java code, j=interpreted, Vv=VM code, C=native code)
V  [jvm.dll+0x25b5d9]


siginfo: EXCEPTION_ACCESS_VIOLATION (0xc0000005), reading address 0x000002b7c5f20a48


Register to memory mapping:

RIP=0x00007fff4108b5d9 jvm.dll
RAX=0x0000000000032220 is an unknown value
RBX=0x000002b7c5ece7d0 is pointing into metadata
RCX=0x000002b7c5eee828 is pointing into metadata
RDX=0x0000000000001910 is an unknown value
RSP=0x000000ea951fe908 points into unknown readable memory: 5e b6 08 41 ff 7f 00 00
RBP=0x000000ea951fee80 points into unknown readable memory: 18 dd 86 c5 b7 02 00 00
RSI=0x000000ea951feff0 points into unknown readable memory: 68 d5 70 41 ff 7f 00 00
RDI=0x000000ea951feff0 points into unknown readable memory: 68 d5 70 41 ff 7f 00 00
R8 =0x0 is NULL
R9 =0x000002b7c5ece7d0 is pointing into metadata
R10=0x00007fff40e30000 jvm.dll
R11=0x000000ea951fedd0 points into unknown readable memory: 50 ee 1f 95 ea 00 00 00
R12=0x000002b7c586dad8 points into unknown readable memory: 00 96 97 b1 6f 00 00 00
R13=0x00000000000000c8 is an unknown value
R14=0x000002b7c5ecee17 is pointing into metadata
R15=0x00000000000000c8 is an unknown value


Registers:
RAX=0x0000000000032220, RBX=0x000002b7c5ece7d0, RCX=0x000002b7c5eee828, RDX=0x0000000000001910
RSP=0x000000ea951fe908, RBP=0x000000ea951fee80, RSI=0x000000ea951feff0, RDI=0x000000ea951feff0
R8 =0x0000000000000000, R9 =0x000002b7c5ece7d0, R10=0x00007fff40e30000, R11=0x000000ea951fedd0
R12=0x000002b7c586dad8, R13=0x00000000000000c8, R14=0x000002b7c5ecee17, R15=0x00000000000000c8
RIP=0x00007fff4108b5d9, EFLAGS=0x0000000000010202

Top of Stack: (sp=0x000000ea951fe908)
0x000000ea951fe908:   00007fff4108b65e 000000ea951fe970
0x000000ea951fe918:   000002b79f710000 000000ea951febf9
0x000000ea951fe928:   00007fff71846139 0000000000000000
0x000000ea951fe938:   00007fff4117e2f0 0000000000000000
0x000000ea951fe948:   000000ea951feff0 000002b7c62e3200
0x000000ea951fe958:   000002b7c62e7220 0000000000000400
0x000000ea951fe968:   00007fff7183d40f 00007fff416d0210
0x000000ea951fe978:   000000080040d778 0000000000000014
0x000000ea951fe988:   000000000000000c 000000ea951fe9b0
0x000000ea951fe998:   0000000000000002 0000000046000091
0x000000ea951fe9a8:   0000000000000000 4fffffff4fffffff
0x000000ea951fe9b8:   00007fff4fffffff 00007fff00800009
0x000000ea951fe9c8:   0000000000000010 000000000000027d
0x000000ea951fe9d8:   000002b7c62e3200 000000ea951fefa8
0x000000ea951fe9e8:   00007fff6f394471 000000ea951feb40
0x000000ea951fe9f8:   000000ea951febe0 000002b7a1a15598 

Instructions: (pc=0x00007fff4108b5d9)
0x00007fff4108b4d9:   03 03 03 03 03 03 03 03 03 03 03 03 03 03 03 03
0x00007fff4108b4e9:   03 03 03 03 03 03 03 03 03 03 03 03 03 03 03 03
0x00007fff4108b4f9:   03 03 03 03 03 03 03 03 03 03 03 03 03 03 03 03
0x00007fff4108b509:   03 03 03 03 03 03 03 03 03 03 03 03 03 03 03 03
0x00007fff4108b519:   03 03 02 03 03 02 cc 48 89 5c 24 08 48 89 74 24
0x00007fff4108b529:   10 57 48 83 ec 20 48 63 da 41 0f b6 f0 48 8b f9
0x00007fff4108b539:   85 d2 79 24 4c 8d 0d ac fa 62 00 ba 93 02 00 00
0x00007fff4108b549:   4c 8d 05 d8 fa 62 00 48 8d 0d 41 fa 62 00 e8 84
0x00007fff4108b559:   71 00 00 e8 7f 7a 3d 00 40 84 f6 75 18 48 8b 4f
0x00007fff4108b569:   10 48 85 c9 74 0f 48 8d 43 01 48 c1 e0 05 48 8b
0x00007fff4108b579:   04 08 0f b7 d8 48 8b 74 24 38 48 63 c3 48 8b 5c
0x00007fff4108b589:   24 30 0f b7 44 c7 40 48 83 c4 20 5f c3 cc cc cc
0x00007fff4108b599:   cc cc cc cc cc cc cc 4c 8b c9 45 84 c0 75 42 48
0x00007fff4108b5a9:   8b 49 10 48 85 c9 74 39 85 d2 79 1a f7 d2 48 63
0x00007fff4108b5b9:   c2 48 ff c0 48 c1 e0 05 48 8b 04 08 0f b7 c8 41
0x00007fff4108b5c9:   0f b7 44 c9 42 c3 48 63 c2 48 ff c0 48 c1 e0 05
0x00007fff4108b5d9:   48 8b 04 08 0f b7 d0 48 63 c2 41 0f b7 44 c1 42
0x00007fff4108b5e9:   c3 49 8b 41 08 48 63 ca 0f b6 44 01 04 3c 12 74
0x00007fff4108b5f9:   ce 49 8b 41 08 0f b6 44 01 04 3c 11 74 c1 49 8b
0x00007fff4108b609:   41 08 0f b6 44 01 04 3c 6a 74 b4 48 63 c2 41 0f
0x00007fff4108b619:   b7 44 c1 42 c3 cc cc 40 53 48 83 ec 20 48 8b d9
0x00007fff4108b629:   e8 72 ff ff ff 48 63 d0 0f b7 44 d3 40 48 8b 44
0x00007fff4108b639:   c3 40 48 83 c4 20 5b c3 cc cc cc cc cc cc cc cc
0x00007fff4108b649:   cc cc cc cc cc cc cc 40 53 48 83 ec 20 48 8b d9
0x00007fff4108b659:   e8 42 ff ff ff 48 63 d0 0f b7 44 d3 42 48 8b 44
0x00007fff4108b669:   c3 40 48 83 c4 20 5b c3 cc cc cc cc cc cc cc cc
0x00007fff4108b679:   cc cc cc cc cc cc cc 4c 8b d1 45 84 c9 75 23 4c
0x00007fff4108b689:   8b 49 10 4d 85 c9 74 1a 45 85 c0 79 03 41 f7 d0
0x00007fff4108b699:   49 63 c0 48 ff c0 48 c1 e0 05 4a 8b 04 08 44 0f
0x00007fff4108b6a9:   b7 c0 49 8b 42 08 49 63 c8 0f b6 4c 08 04 48 8b
0x00007fff4108b6b9:   c2 88 0a c3 cc cc cc 40 56 57 41 54 41 56 41 57
0x00007fff4108b6c9:   48 83 ec 20 45 8b 30 49 8b f0 49 63 f9 4c 8b e2 


Stack slot to memory mapping:
stack at sp + 0 slots: 0x00007fff4108b65e jvm.dll
stack at sp + 1 slots: 0x000000ea951fe970 points into unknown readable memory: 10 02 6d 41 ff 7f 00 00
stack at sp + 2 slots: 0x000002b79f710000 points into unknown readable memory: 00 00 00 00 00 00 00 00
stack at sp + 3 slots: 0x000000ea951febf9 points into unknown readable memory: 82 90 c7 b7 02 00 00
stack at sp + 4 slots: 0x00007fff71846139 ntdll.dll
stack at sp + 5 slots: 0x0 is NULL
stack at sp + 6 slots: 0x00007fff4117e2f0 jvm.dll
stack at sp + 7 slots: 0x0 is NULL

VM_Operation (0x000000ea95bff620): GetOrSetLocal, mode: safepoint, requested by thread 0x000002b7c6365800


---------------  P R O C E S S  ---------------

Threads class SMR info:
_java_thread_list=0x000002b7c6310310, length=14, elements={
0x000002b7a1a1c000, 0x000002b7c5889800, 0x000002b7c588b800, 0x000002b7c6128800,
0x000002b7c612a800, 0x000002b7c612d000, 0x000002b7c6132000, 0x000002b7c613e000,
0x000002b7c5871000, 0x000002b7c6365800, 0x000002b7c62ed800, 0x000002b7c62ef000,
0x000002b7c6903800, 0x000002b7c6da0000
}

Java Threads: ( => current thread )
  0x000002b7a1a1c000 JavaThread "main" [_thread_blocked, id=10232, stack(0x000000ea94b00000,0x000000ea94c00000)]
  0x000002b7c5889800 JavaThread "Reference Handler" daemon [_thread_blocked, id=20196, stack(0x000000ea95200000,0x000000ea95300000)]
  0x000002b7c588b800 JavaThread "Finalizer" daemon [_thread_blocked, id=2632, stack(0x000000ea95300000,0x000000ea95400000)]
  0x000002b7c6128800 JavaThread "Signal Dispatcher" daemon [_thread_blocked, id=16852, stack(0x000000ea95400000,0x000000ea95500000)]
  0x000002b7c612a800 JavaThread "Attach Listener" daemon [_thread_blocked, id=19660, stack(0x000000ea95500000,0x000000ea95600000)]
  0x000002b7c612d000 JavaThread "C2 CompilerThread0" daemon [_thread_blocked, id=11800, stack(0x000000ea95600000,0x000000ea95700000)]
  0x000002b7c6132000 JavaThread "C1 CompilerThread0" daemon [_thread_blocked, id=19308, stack(0x000000ea95700000,0x000000ea95800000)]
  0x000002b7c613e000 JavaThread "Sweeper thread" daemon [_thread_blocked, id=19572, stack(0x000000ea95800000,0x000000ea95900000)]
  0x000002b7c5871000 JavaThread "Common-Cleaner" daemon [_thread_blocked, id=1784, stack(0x000000ea95900000,0x000000ea95a00000)]
  0x000002b7c6365800 JavaThread "JDWP Transport Listener: dt_socket" daemon [_thread_blocked, id=2044, stack(0x000000ea95b00000,0x000000ea95c00000)] _threads_hazard_ptr=0x000002b7c6310310
  0x000002b7c62ed800 JavaThread "JDWP Event Helper Thread" daemon [_thread_blocked, id=11552, stack(0x000000ea95c00000,0x000000ea95d00000)]
  0x000002b7c62ef000 JavaThread "JDWP Command Reader" daemon [_thread_in_native, id=20468, stack(0x000000ea95d00000,0x000000ea95e00000)]
  0x000002b7c6903800 JavaThread "Service Thread" daemon [_thread_blocked, id=16352, stack(0x000000ea95e00000,0x000000ea95f00000)]
  0x000002b7c6da0000 JavaThread "ReaderThread" [_thread_in_native, id=16172, stack(0x000000ea96000000,0x000000ea96100000)]

Other Threads:
=>0x000002b7c5888000 VMThread "VM Thread" [stack: 0x000000ea95100000,0x000000ea95200000] [id=20388]
  0x000002b7c68fb000 WatcherThread [stack: 0x000000ea95f00000,0x000000ea96000000] [id=19128]
  0x000002b7a1a82800 GCTaskThread "GC Thread#0" [stack: 0x000000ea94c00000,0x000000ea94d00000] [id=14612]
  0x000002b7c7329800 GCTaskThread "GC Thread#1" [stack: 0x000000ea96200000,0x000000ea96300000] [id=7708]
  0x000002b7c727e000 GCTaskThread "GC Thread#2" [stack: 0x000000ea96300000,0x000000ea96400000] [id=7732]
  0x000002b7c74a2000 GCTaskThread "GC Thread#3" [stack: 0x000000ea96400000,0x000000ea96500000] [id=15096]
  0x000002b7c7b80800 GCTaskThread "GC Thread#4" [stack: 0x000000ea96500000,0x000000ea96600000] [id=19324]
  0x000002b7c7b81800 GCTaskThread "GC Thread#5" [stack: 0x000000ea96600000,0x000000ea96700000] [id=17036]
  0x000002b7a1a9d800 ConcurrentGCThread "G1 Main Marker" [stack: 0x000000ea94d00000,0x000000ea94e00000] [id=15188]
  0x000002b7a1a9f000 ConcurrentGCThread "G1 Conc#0" [stack: 0x000000ea94e00000,0x000000ea94f00000] [id=13672]
  0x000002b7c577e000 ConcurrentGCThread "G1 Refine#0" [stack: 0x000000ea94f00000,0x000000ea95000000] [id=14048]
  0x000002b7c577f000 ConcurrentGCThread "G1 Young RemSet Sampling" [stack: 0x000000ea95000000,0x000000ea95100000] [id=16988]

Threads with active compile tasks:

VM state:at safepoint (normal execution)

VM Mutex/Monitor currently owned by a thread:  ([mutex/lock_event])
[0x000002b7a1a17ef0] Threads_lock - owner thread: 0x000002b7c5888000

Heap address: 0x0000000701000000, size: 4080 MB, Compressed Oops mode: Zero based, Oop shift amount: 3
Narrow klass base: 0x0000000800000000, Narrow klass shift: 3
Compressed class space size: 1073741824 Address: 0x0000000801190000

Heap:
 garbage-first heap   total 262144K, used 16653K [0x0000000701000000, 0x0000000800000000)
  region size 1024K, 18 young (18432K), 3 survivors (3072K)
 Metaspace       used 6738K, capacity 7583K, committed 7680K, reserved 1056768K
  class space    used 769K, capacity 953K, committed 1024K, reserved 1048576K
Heap Regions: E=young(eden), S=young(survivor), O=old, HS=humongous(starts), HC=humongous(continues), CS=collection set, F=free, A=archive, TAMS=top-at-mark-start (previous, next)
|   0|0x0000000701000000, 0x0000000701000000, 0x0000000701100000|  0%| F|  |TAMS 0x0000000701000000, 0x0000000701000000| Untracked 
|   1|0x0000000701100000, 0x0000000701100000, 0x0000000701200000|  0%| F|  |TAMS 0x0000000701100000, 0x0000000701100000| Untracked 
|   2|0x0000000701200000, 0x0000000701200000, 0x0000000701300000|  0%| F|  |TAMS 0x0000000701200000, 0x0000000701200000| Untracked 
|   3|0x0000000701300000, 0x0000000701300000, 0x0000000701400000|  0%| F|  |TAMS 0x0000000701300000, 0x0000000701300000| Untracked 
|   4|0x0000000701400000, 0x0000000701400000, 0x0000000701500000|  0%| F|  |TAMS 0x0000000701400000, 0x0000000701400000| Untracked 
|   5|0x0000000701500000, 0x0000000701500000, 0x0000000701600000|  0%| F|  |TAMS 0x0000000701500000, 0x0000000701500000| Untracked 
|   6|0x0000000701600000, 0x0000000701600000, 0x0000000701700000|  0%| F|  |TAMS 0x0000000701600000, 0x0000000701600000| Untracked 
|   7|0x0000000701700000, 0x0000000701700000, 0x0000000701800000|  0%| F|  |TAMS 0x0000000701700000, 0x0000000701700000| Untracked 
|   8|0x0000000701800000, 0x0000000701800000, 0x0000000701900000|  0%| F|  |TAMS 0x0000000701800000, 0x0000000701800000| Untracked 
|   9|0x0000000701900000, 0x0000000701900000, 0x0000000701a00000|  0%| F|  |TAMS 0x0000000701900000, 0x0000000701900000| Untracked 
|  10|0x0000000701a00000, 0x0000000701a00000, 0x0000000701b00000|  0%| F|  |TAMS 0x0000000701a00000, 0x0000000701a00000| Untracked 
|  11|0x0000000701b00000, 0x0000000701b00000, 0x0000000701c00000|  0%| F|  |TAMS 0x0000000701b00000, 0x0000000701b00000| Untracked 
|  12|0x0000000701c00000, 0x0000000701c00000, 0x0000000701d00000|  0%| F|  |TAMS 0x0000000701c00000, 0x0000000701c00000| Untracked 
|  13|0x0000000701d00000, 0x0000000701d00000, 0x0000000701e00000|  0%| F|  |TAMS 0x0000000701d00000, 0x0000000701d00000| Untracked 
|  14|0x0000000701e00000, 0x0000000701e00000, 0x0000000701f00000|  0%| F|  |TAMS 0x0000000701e00000, 0x0000000701e00000| Untracked 
|  15|0x0000000701f00000, 0x0000000701f00000, 0x0000000702000000|  0%| F|  |TAMS 0x0000000701f00000, 0x0000000701f00000| Untracked 
|  16|0x0000000702000000, 0x0000000702000000, 0x0000000702100000|  0%| F|  |TAMS 0x0000000702000000, 0x0000000702000000| Untracked 
|  17|0x0000000702100000, 0x0000000702100000, 0x0000000702200000|  0%| F|  |TAMS 0x0000000702100000, 0x0000000702100000| Untracked 
|  18|0x0000000702200000, 0x0000000702200000, 0x0000000702300000|  0%| F|  |TAMS 0x0000000702200000, 0x0000000702200000| Untracked 
|  19|0x0000000702300000, 0x0000000702300000, 0x0000000702400000|  0%| F|  |TAMS 0x0000000702300000, 0x0000000702300000| Untracked 
|  20|0x0000000702400000, 0x0000000702400000, 0x0000000702500000|  0%| F|  |TAMS 0x0000000702400000, 0x0000000702400000| Untracked 
|  21|0x0000000702500000, 0x0000000702500000, 0x0000000702600000|  0%| F|  |TAMS 0x0000000702500000, 0x0000000702500000| Untracked 
|  22|0x0000000702600000, 0x0000000702600000, 0x0000000702700000|  0%| F|  |TAMS 0x0000000702600000, 0x0000000702600000| Untracked 
|  23|0x0000000702700000, 0x0000000702700000, 0x0000000702800000|  0%| F|  |TAMS 0x0000000702700000, 0x0000000702700000| Untracked 
|  24|0x0000000702800000, 0x0000000702800000, 0x0000000702900000|  0%| F|  |TAMS 0x0000000702800000, 0x0000000702800000| Untracked 
|  25|0x0000000702900000, 0x0000000702900000, 0x0000000702a00000|  0%| F|  |TAMS 0x0000000702900000, 0x0000000702900000| Untracked 
|  26|0x0000000702a00000, 0x0000000702a00000, 0x0000000702b00000|  0%| F|  |TAMS 0x0000000702a00000, 0x0000000702a00000| Untracked 
|  27|0x0000000702b00000, 0x0000000702b00000, 0x0000000702c00000|  0%| F|  |TAMS 0x0000000702b00000, 0x0000000702b00000| Untracked 
|  28|0x0000000702c00000, 0x0000000702c00000, 0x0000000702d00000|  0%| F|  |TAMS 0x0000000702c00000, 0x0000000702c00000| Untracked 
|  29|0x0000000702d00000, 0x0000000702d00000, 0x0000000702e00000|  0%| F|  |TAMS 0x0000000702d00000, 0x0000000702d00000| Untracked 
|  30|0x0000000702e00000, 0x0000000702e00000, 0x0000000702f00000|  0%| F|  |TAMS 0x0000000702e00000, 0x0000000702e00000| Untracked 
|  31|0x0000000702f00000, 0x0000000702f00000, 0x0000000703000000|  0%| F|  |TAMS 0x0000000702f00000, 0x0000000702f00000| Untracked 
|  32|0x0000000703000000, 0x0000000703000000, 0x0000000703100000|  0%| F|  |TAMS 0x0000000703000000, 0x0000000703000000| Untracked 
|  33|0x0000000703100000, 0x0000000703100000, 0x0000000703200000|  0%| F|  |TAMS 0x0000000703100000, 0x0000000703100000| Untracked 
|  34|0x0000000703200000, 0x0000000703200000, 0x0000000703300000|  0%| F|  |TAMS 0x0000000703200000, 0x0000000703200000| Untracked 
|  35|0x0000000703300000, 0x0000000703300000, 0x0000000703400000|  0%| F|  |TAMS 0x0000000703300000, 0x0000000703300000| Untracked 
|  36|0x0000000703400000, 0x0000000703400000, 0x0000000703500000|  0%| F|  |TAMS 0x0000000703400000, 0x0000000703400000| Untracked 
|  37|0x0000000703500000, 0x0000000703500000, 0x0000000703600000|  0%| F|  |TAMS 0x0000000703500000, 0x0000000703500000| Untracked 
|  38|0x0000000703600000, 0x0000000703600000, 0x0000000703700000|  0%| F|  |TAMS 0x0000000703600000, 0x0000000703600000| Untracked 
|  39|0x0000000703700000, 0x0000000703700000, 0x0000000703800000|  0%| F|  |TAMS 0x0000000703700000, 0x0000000703700000| Untracked 
|  40|0x0000000703800000, 0x0000000703800000, 0x0000000703900000|  0%| F|  |TAMS 0x0000000703800000, 0x0000000703800000| Untracked 
|  41|0x0000000703900000, 0x0000000703900000, 0x0000000703a00000|  0%| F|  |TAMS 0x0000000703900000, 0x0000000703900000| Untracked 
|  42|0x0000000703a00000, 0x0000000703a00000, 0x0000000703b00000|  0%| F|  |TAMS 0x0000000703a00000, 0x0000000703a00000| Untracked 
|  43|0x0000000703b00000, 0x0000000703b00000, 0x0000000703c00000|  0%| F|  |TAMS 0x0000000703b00000, 0x0000000703b00000| Untracked 
|  44|0x0000000703c00000, 0x0000000703c00000, 0x0000000703d00000|  0%| F|  |TAMS 0x0000000703c00000, 0x0000000703c00000| Untracked 
|  45|0x0000000703d00000, 0x0000000703d00000, 0x0000000703e00000|  0%| F|  |TAMS 0x0000000703d00000, 0x0000000703d00000| Untracked 
|  46|0x0000000703e00000, 0x0000000703e00000, 0x0000000703f00000|  0%| F|  |TAMS 0x0000000703e00000, 0x0000000703e00000| Untracked 
|  47|0x0000000703f00000, 0x0000000703f00000, 0x0000000704000000|  0%| F|  |TAMS 0x0000000703f00000, 0x0000000703f00000| Untracked 
|  48|0x0000000704000000, 0x0000000704000000, 0x0000000704100000|  0%| F|  |TAMS 0x0000000704000000, 0x0000000704000000| Untracked 
|  49|0x0000000704100000, 0x0000000704100000, 0x0000000704200000|  0%| F|  |TAMS 0x0000000704100000, 0x0000000704100000| Untracked 
|  50|0x0000000704200000, 0x0000000704200000, 0x0000000704300000|  0%| F|  |TAMS 0x0000000704200000, 0x0000000704200000| Untracked 
|  51|0x0000000704300000, 0x0000000704300000, 0x0000000704400000|  0%| F|  |TAMS 0x0000000704300000, 0x0000000704300000| Untracked 
|  52|0x0000000704400000, 0x0000000704400000, 0x0000000704500000|  0%| F|  |TAMS 0x0000000704400000, 0x0000000704400000| Untracked 
|  53|0x0000000704500000, 0x0000000704500000, 0x0000000704600000|  0%| F|  |TAMS 0x0000000704500000, 0x0000000704500000| Untracked 
|  54|0x0000000704600000, 0x0000000704600000, 0x0000000704700000|  0%| F|  |TAMS 0x0000000704600000, 0x0000000704600000| Untracked 
|  55|0x0000000704700000, 0x0000000704700000, 0x0000000704800000|  0%| F|  |TAMS 0x0000000704700000, 0x0000000704700000| Untracked 
|  56|0x0000000704800000, 0x0000000704800000, 0x0000000704900000|  0%| F|  |TAMS 0x0000000704800000, 0x0000000704800000| Untracked 
|  57|0x0000000704900000, 0x0000000704900000, 0x0000000704a00000|  0%| F|  |TAMS 0x0000000704900000, 0x0000000704900000| Untracked 
|  58|0x0000000704a00000, 0x0000000704a00000, 0x0000000704b00000|  0%| F|  |TAMS 0x0000000704a00000, 0x0000000704a00000| Untracked 
|  59|0x0000000704b00000, 0x0000000704b00000, 0x0000000704c00000|  0%| F|  |TAMS 0x0000000704b00000, 0x0000000704b00000| Untracked 
|  60|0x0000000704c00000, 0x0000000704c00000, 0x0000000704d00000|  0%| F|  |TAMS 0x0000000704c00000, 0x0000000704c00000| Untracked 
|  61|0x0000000704d00000, 0x0000000704d00000, 0x0000000704e00000|  0%| F|  |TAMS 0x0000000704d00000, 0x0000000704d00000| Untracked 
|  62|0x0000000704e00000, 0x0000000704e00000, 0x0000000704f00000|  0%| F|  |TAMS 0x0000000704e00000, 0x0000000704e00000| Untracked 
|  63|0x0000000704f00000, 0x0000000704f00000, 0x0000000705000000|  0%| F|  |TAMS 0x0000000704f00000, 0x0000000704f00000| Untracked 
|  64|0x0000000705000000, 0x0000000705000000, 0x0000000705100000|  0%| F|  |TAMS 0x0000000705000000, 0x0000000705000000| Untracked 
|  65|0x0000000705100000, 0x0000000705100000, 0x0000000705200000|  0%| F|  |TAMS 0x0000000705100000, 0x0000000705100000| Untracked 
|  66|0x0000000705200000, 0x0000000705200000, 0x0000000705300000|  0%| F|  |TAMS 0x0000000705200000, 0x0000000705200000| Untracked 
|  67|0x0000000705300000, 0x0000000705300000, 0x0000000705400000|  0%| F|  |TAMS 0x0000000705300000, 0x0000000705300000| Untracked 
|  68|0x0000000705400000, 0x0000000705400000, 0x0000000705500000|  0%| F|  |TAMS 0x0000000705400000, 0x0000000705400000| Untracked 
|  69|0x0000000705500000, 0x0000000705500000, 0x0000000705600000|  0%| F|  |TAMS 0x0000000705500000, 0x0000000705500000| Untracked 
|  70|0x0000000705600000, 0x0000000705600000, 0x0000000705700000|  0%| F|  |TAMS 0x0000000705600000, 0x0000000705600000| Untracked 
|  71|0x0000000705700000, 0x0000000705700000, 0x0000000705800000|  0%| F|  |TAMS 0x0000000705700000, 0x0000000705700000| Untracked 
|  72|0x0000000705800000, 0x0000000705800000, 0x0000000705900000|  0%| F|  |TAMS 0x0000000705800000, 0x0000000705800000| Untracked 
|  73|0x0000000705900000, 0x0000000705900000, 0x0000000705a00000|  0%| F|  |TAMS 0x0000000705900000, 0x0000000705900000| Untracked 
|  74|0x0000000705a00000, 0x0000000705a00000, 0x0000000705b00000|  0%| F|  |TAMS 0x0000000705a00000, 0x0000000705a00000| Untracked 
|  75|0x0000000705b00000, 0x0000000705b00000, 0x0000000705c00000|  0%| F|  |TAMS 0x0000000705b00000, 0x0000000705b00000| Untracked 
|  76|0x0000000705c00000, 0x0000000705c00000, 0x0000000705d00000|  0%| F|  |TAMS 0x0000000705c00000, 0x0000000705c00000| Untracked 
|  77|0x0000000705d00000, 0x0000000705d00000, 0x0000000705e00000|  0%| F|  |TAMS 0x0000000705d00000, 0x0000000705d00000| Untracked 
|  78|0x0000000705e00000, 0x0000000705e00000, 0x0000000705f00000|  0%| F|  |TAMS 0x0000000705e00000, 0x0000000705e00000| Untracked 
|  79|0x0000000705f00000, 0x0000000705f00000, 0x0000000706000000|  0%| F|  |TAMS 0x0000000705f00000, 0x0000000705f00000| Untracked 
|  80|0x0000000706000000, 0x0000000706000000, 0x0000000706100000|  0%| F|  |TAMS 0x0000000706000000, 0x0000000706000000| Untracked 
|  81|0x0000000706100000, 0x0000000706100000, 0x0000000706200000|  0%| F|  |TAMS 0x0000000706100000, 0x0000000706100000| Untracked 
|  82|0x0000000706200000, 0x0000000706200000, 0x0000000706300000|  0%| F|  |TAMS 0x0000000706200000, 0x0000000706200000| Untracked 
|  83|0x0000000706300000, 0x0000000706300000, 0x0000000706400000|  0%| F|  |TAMS 0x0000000706300000, 0x0000000706300000| Untracked 
|  84|0x0000000706400000, 0x0000000706400000, 0x0000000706500000|  0%| F|  |TAMS 0x0000000706400000, 0x0000000706400000| Untracked 
|  85|0x0000000706500000, 0x0000000706500000, 0x0000000706600000|  0%| F|  |TAMS 0x0000000706500000, 0x0000000706500000| Untracked 
|  86|0x0000000706600000, 0x0000000706600000, 0x0000000706700000|  0%| F|  |TAMS 0x0000000706600000, 0x0000000706600000| Untracked 
|  87|0x0000000706700000, 0x0000000706700000, 0x0000000706800000|  0%| F|  |TAMS 0x0000000706700000, 0x0000000706700000| Untracked 
|  88|0x0000000706800000, 0x0000000706800000, 0x0000000706900000|  0%| F|  |TAMS 0x0000000706800000, 0x0000000706800000| Untracked 
|  89|0x0000000706900000, 0x0000000706900000, 0x0000000706a00000|  0%| F|  |TAMS 0x0000000706900000, 0x0000000706900000| Untracked 
|  90|0x0000000706a00000, 0x0000000706a00000, 0x0000000706b00000|  0%| F|  |TAMS 0x0000000706a00000, 0x0000000706a00000| Untracked 
|  91|0x0000000706b00000, 0x0000000706b00000, 0x0000000706c00000|  0%| F|  |TAMS 0x0000000706b00000, 0x0000000706b00000| Untracked 
|  92|0x0000000706c00000, 0x0000000706c00000, 0x0000000706d00000|  0%| F|  |TAMS 0x0000000706c00000, 0x0000000706c00000| Untracked 
|  93|0x0000000706d00000, 0x0000000706d00000, 0x0000000706e00000|  0%| F|  |TAMS 0x0000000706d00000, 0x0000000706d00000| Untracked 
|  94|0x0000000706e00000, 0x0000000706e00000, 0x0000000706f00000|  0%| F|  |TAMS 0x0000000706e00000, 0x0000000706e00000| Untracked 
|  95|0x0000000706f00000, 0x0000000706f00000, 0x0000000707000000|  0%| F|  |TAMS 0x0000000706f00000, 0x0000000706f00000| Untracked 
|  96|0x0000000707000000, 0x0000000707000000, 0x0000000707100000|  0%| F|  |TAMS 0x0000000707000000, 0x0000000707000000| Untracked 
|  97|0x0000000707100000, 0x0000000707100000, 0x0000000707200000|  0%| F|  |TAMS 0x0000000707100000, 0x0000000707100000| Untracked 
|  98|0x0000000707200000, 0x0000000707200000, 0x0000000707300000|  0%| F|  |TAMS 0x0000000707200000, 0x0000000707200000| Untracked 
|  99|0x0000000707300000, 0x0000000707300000, 0x0000000707400000|  0%| F|  |TAMS 0x0000000707300000, 0x0000000707300000| Untracked 
| 100|0x0000000707400000, 0x0000000707400000, 0x0000000707500000|  0%| F|  |TAMS 0x0000000707400000, 0x0000000707400000| Untracked 
| 101|0x0000000707500000, 0x0000000707500000, 0x0000000707600000|  0%| F|  |TAMS 0x0000000707500000, 0x0000000707500000| Untracked 
| 102|0x0000000707600000, 0x0000000707600000, 0x0000000707700000|  0%| F|  |TAMS 0x0000000707600000, 0x0000000707600000| Untracked 
| 103|0x0000000707700000, 0x0000000707700000, 0x0000000707800000|  0%| F|  |TAMS 0x0000000707700000, 0x0000000707700000| Untracked 
| 104|0x0000000707800000, 0x0000000707800000, 0x0000000707900000|  0%| F|  |TAMS 0x0000000707800000, 0x0000000707800000| Untracked 
| 105|0x0000000707900000, 0x0000000707900000, 0x0000000707a00000|  0%| F|  |TAMS 0x0000000707900000, 0x0000000707900000| Untracked 
| 106|0x0000000707a00000, 0x0000000707a00000, 0x0000000707b00000|  0%| F|  |TAMS 0x0000000707a00000, 0x0000000707a00000| Untracked 
| 107|0x0000000707b00000, 0x0000000707b00000, 0x0000000707c00000|  0%| F|  |TAMS 0x0000000707b00000, 0x0000000707b00000| Untracked 
| 108|0x0000000707c00000, 0x0000000707c00000, 0x0000000707d00000|  0%| F|  |TAMS 0x0000000707c00000, 0x0000000707c00000| Untracked 
| 109|0x0000000707d00000, 0x0000000707d00000, 0x0000000707e00000|  0%| F|  |TAMS 0x0000000707d00000, 0x0000000707d00000| Untracked 
| 110|0x0000000707e00000, 0x0000000707e00000, 0x0000000707f00000|  0%| F|  |TAMS 0x0000000707e00000, 0x0000000707e00000| Untracked 
| 111|0x0000000707f00000, 0x0000000707f00000, 0x0000000708000000|  0%| F|  |TAMS 0x0000000707f00000, 0x0000000707f00000| Untracked 
| 112|0x0000000708000000, 0x0000000708000000, 0x0000000708100000|  0%| F|  |TAMS 0x0000000708000000, 0x0000000708000000| Untracked 
| 113|0x0000000708100000, 0x0000000708100000, 0x0000000708200000|  0%| F|  |TAMS 0x0000000708100000, 0x0000000708100000| Untracked 
| 114|0x0000000708200000, 0x0000000708200000, 0x0000000708300000|  0%| F|  |TAMS 0x0000000708200000, 0x0000000708200000| Untracked 
| 115|0x0000000708300000, 0x0000000708300000, 0x0000000708400000|  0%| F|  |TAMS 0x0000000708300000, 0x0000000708300000| Untracked 
| 116|0x0000000708400000, 0x0000000708400000, 0x0000000708500000|  0%| F|  |TAMS 0x0000000708400000, 0x0000000708400000| Untracked 
| 117|0x0000000708500000, 0x0000000708500000, 0x0000000708600000|  0%| F|  |TAMS 0x0000000708500000, 0x0000000708500000| Untracked 
| 118|0x0000000708600000, 0x0000000708600000, 0x0000000708700000|  0%| F|  |TAMS 0x0000000708600000, 0x0000000708600000| Untracked 
| 119|0x0000000708700000, 0x0000000708700000, 0x0000000708800000|  0%| F|  |TAMS 0x0000000708700000, 0x0000000708700000| Untracked 
| 120|0x0000000708800000, 0x0000000708800000, 0x0000000708900000|  0%| F|  |TAMS 0x0000000708800000, 0x0000000708800000| Untracked 
| 121|0x0000000708900000, 0x0000000708900000, 0x0000000708a00000|  0%| F|  |TAMS 0x0000000708900000, 0x0000000708900000| Untracked 
| 122|0x0000000708a00000, 0x0000000708a00000, 0x0000000708b00000|  0%| F|  |TAMS 0x0000000708a00000, 0x0000000708a00000| Untracked 
| 123|0x0000000708b00000, 0x0000000708b00000, 0x0000000708c00000|  0%| F|  |TAMS 0x0000000708b00000, 0x0000000708b00000| Untracked 
| 124|0x0000000708c00000, 0x0000000708c00000, 0x0000000708d00000|  0%| F|  |TAMS 0x0000000708c00000, 0x0000000708c00000| Untracked 
| 125|0x0000000708d00000, 0x0000000708d00000, 0x0000000708e00000|  0%| F|  |TAMS 0x0000000708d00000, 0x0000000708d00000| Untracked 
| 126|0x0000000708e00000, 0x0000000708e00000, 0x0000000708f00000|  0%| F|  |TAMS 0x0000000708e00000, 0x0000000708e00000| Untracked 
| 127|0x0000000708f00000, 0x0000000708f00000, 0x0000000709000000|  0%| F|  |TAMS 0x0000000708f00000, 0x0000000708f00000| Untracked 
| 128|0x0000000709000000, 0x0000000709000000, 0x0000000709100000|  0%| F|  |TAMS 0x0000000709000000, 0x0000000709000000| Untracked 
| 129|0x0000000709100000, 0x0000000709100000, 0x0000000709200000|  0%| F|  |TAMS 0x0000000709100000, 0x0000000709100000| Untracked 
| 130|0x0000000709200000, 0x0000000709200000, 0x0000000709300000|  0%| F|  |TAMS 0x0000000709200000, 0x0000000709200000| Untracked 
| 131|0x0000000709300000, 0x0000000709300000, 0x0000000709400000|  0%| F|  |TAMS 0x0000000709300000, 0x0000000709300000| Untracked 
| 132|0x0000000709400000, 0x0000000709400000, 0x0000000709500000|  0%| F|  |TAMS 0x0000000709400000, 0x0000000709400000| Untracked 
| 133|0x0000000709500000, 0x0000000709500000, 0x0000000709600000|  0%| F|  |TAMS 0x0000000709500000, 0x0000000709500000| Untracked 
| 134|0x0000000709600000, 0x0000000709600000, 0x0000000709700000|  0%| F|  |TAMS 0x0000000709600000, 0x0000000709600000| Untracked 
| 135|0x0000000709700000, 0x0000000709700000, 0x0000000709800000|  0%| F|  |TAMS 0x0000000709700000, 0x0000000709700000| Untracked 
| 136|0x0000000709800000, 0x0000000709800000, 0x0000000709900000|  0%| F|  |TAMS 0x0000000709800000, 0x0000000709800000| Untracked 
| 137|0x0000000709900000, 0x0000000709900000, 0x0000000709a00000|  0%| F|  |TAMS 0x0000000709900000, 0x0000000709900000| Untracked 
| 138|0x0000000709a00000, 0x0000000709a00000, 0x0000000709b00000|  0%| F|  |TAMS 0x0000000709a00000, 0x0000000709a00000| Untracked 
| 139|0x0000000709b00000, 0x0000000709b00000, 0x0000000709c00000|  0%| F|  |TAMS 0x0000000709b00000, 0x0000000709b00000| Untracked 
| 140|0x0000000709c00000, 0x0000000709c00000, 0x0000000709d00000|  0%| F|  |TAMS 0x0000000709c00000, 0x0000000709c00000| Untracked 
| 141|0x0000000709d00000, 0x0000000709d00000, 0x0000000709e00000|  0%| F|  |TAMS 0x0000000709d00000, 0x0000000709d00000| Untracked 
| 142|0x0000000709e00000, 0x0000000709e00000, 0x0000000709f00000|  0%| F|  |TAMS 0x0000000709e00000, 0x0000000709e00000| Untracked 
| 143|0x0000000709f00000, 0x0000000709f00000, 0x000000070a000000|  0%| F|  |TAMS 0x0000000709f00000, 0x0000000709f00000| Untracked 
| 144|0x000000070a000000, 0x000000070a000000, 0x000000070a100000|  0%| F|  |TAMS 0x000000070a000000, 0x000000070a000000| Untracked 
| 145|0x000000070a100000, 0x000000070a100000, 0x000000070a200000|  0%| F|  |TAMS 0x000000070a100000, 0x000000070a100000| Untracked 
| 146|0x000000070a200000, 0x000000070a200000, 0x000000070a300000|  0%| F|  |TAMS 0x000000070a200000, 0x000000070a200000| Untracked 
| 147|0x000000070a300000, 0x000000070a300000, 0x000000070a400000|  0%| F|  |TAMS 0x000000070a300000, 0x000000070a300000| Untracked 
| 148|0x000000070a400000, 0x000000070a400000, 0x000000070a500000|  0%| F|  |TAMS 0x000000070a400000, 0x000000070a400000| Untracked 
| 149|0x000000070a500000, 0x000000070a500000, 0x000000070a600000|  0%| F|  |TAMS 0x000000070a500000, 0x000000070a500000| Untracked 
| 150|0x000000070a600000, 0x000000070a600000, 0x000000070a700000|  0%| F|  |TAMS 0x000000070a600000, 0x000000070a600000| Untracked 
| 151|0x000000070a700000, 0x000000070a700000, 0x000000070a800000|  0%| F|  |TAMS 0x000000070a700000, 0x000000070a700000| Untracked 
| 152|0x000000070a800000, 0x000000070a800000, 0x000000070a900000|  0%| F|  |TAMS 0x000000070a800000, 0x000000070a800000| Untracked 
| 153|0x000000070a900000, 0x000000070a900000, 0x000000070aa00000|  0%| F|  |TAMS 0x000000070a900000, 0x000000070a900000| Untracked 
| 154|0x000000070aa00000, 0x000000070aa00000, 0x000000070ab00000|  0%| F|  |TAMS 0x000000070aa00000, 0x000000070aa00000| Untracked 
| 155|0x000000070ab00000, 0x000000070ab00000, 0x000000070ac00000|  0%| F|  |TAMS 0x000000070ab00000, 0x000000070ab00000| Untracked 
| 156|0x000000070ac00000, 0x000000070ac00000, 0x000000070ad00000|  0%| F|  |TAMS 0x000000070ac00000, 0x000000070ac00000| Untracked 
| 157|0x000000070ad00000, 0x000000070ad00000, 0x000000070ae00000|  0%| F|  |TAMS 0x000000070ad00000, 0x000000070ad00000| Untracked 
| 158|0x000000070ae00000, 0x000000070ae00000, 0x000000070af00000|  0%| F|  |TAMS 0x000000070ae00000, 0x000000070ae00000| Untracked 
| 159|0x000000070af00000, 0x000000070af00000, 0x000000070b000000|  0%| F|  |TAMS 0x000000070af00000, 0x000000070af00000| Untracked 
| 160|0x000000070b000000, 0x000000070b000000, 0x000000070b100000|  0%| F|  |TAMS 0x000000070b000000, 0x000000070b000000| Untracked 
| 161|0x000000070b100000, 0x000000070b100000, 0x000000070b200000|  0%| F|  |TAMS 0x000000070b100000, 0x000000070b100000| Untracked 
| 162|0x000000070b200000, 0x000000070b200000, 0x000000070b300000|  0%| F|  |TAMS 0x000000070b200000, 0x000000070b200000| Untracked 
| 163|0x000000070b300000, 0x000000070b300000, 0x000000070b400000|  0%| F|  |TAMS 0x000000070b300000, 0x000000070b300000| Untracked 
| 164|0x000000070b400000, 0x000000070b400000, 0x000000070b500000|  0%| F|  |TAMS 0x000000070b400000, 0x000000070b400000| Untracked 
| 165|0x000000070b500000, 0x000000070b500000, 0x000000070b600000|  0%| F|  |TAMS 0x000000070b500000, 0x000000070b500000| Untracked 
| 166|0x000000070b600000, 0x000000070b600000, 0x000000070b700000|  0%| F|  |TAMS 0x000000070b600000, 0x000000070b600000| Untracked 
| 167|0x000000070b700000, 0x000000070b700000, 0x000000070b800000|  0%| F|  |TAMS 0x000000070b700000, 0x000000070b700000| Untracked 
| 168|0x000000070b800000, 0x000000070b800000, 0x000000070b900000|  0%| F|  |TAMS 0x000000070b800000, 0x000000070b800000| Untracked 
| 169|0x000000070b900000, 0x000000070b900000, 0x000000070ba00000|  0%| F|  |TAMS 0x000000070b900000, 0x000000070b900000| Untracked 
| 170|0x000000070ba00000, 0x000000070ba00000, 0x000000070bb00000|  0%| F|  |TAMS 0x000000070ba00000, 0x000000070ba00000| Untracked 
| 171|0x000000070bb00000, 0x000000070bb00000, 0x000000070bc00000|  0%| F|  |TAMS 0x000000070bb00000, 0x000000070bb00000| Untracked 
| 172|0x000000070bc00000, 0x000000070bc00000, 0x000000070bd00000|  0%| F|  |TAMS 0x000000070bc00000, 0x000000070bc00000| Untracked 
| 173|0x000000070bd00000, 0x000000070bd00000, 0x000000070be00000|  0%| F|  |TAMS 0x000000070bd00000, 0x000000070bd00000| Untracked 
| 174|0x000000070be00000, 0x000000070be00000, 0x000000070bf00000|  0%| F|  |TAMS 0x000000070be00000, 0x000000070be00000| Untracked 
| 175|0x000000070bf00000, 0x000000070bf00000, 0x000000070c000000|  0%| F|  |TAMS 0x000000070bf00000, 0x000000070bf00000| Untracked 
| 176|0x000000070c000000, 0x000000070c000000, 0x000000070c100000|  0%| F|  |TAMS 0x000000070c000000, 0x000000070c000000| Untracked 
| 177|0x000000070c100000, 0x000000070c100000, 0x000000070c200000|  0%| F|  |TAMS 0x000000070c100000, 0x000000070c100000| Untracked 
| 178|0x000000070c200000, 0x000000070c200000, 0x000000070c300000|  0%| F|  |TAMS 0x000000070c200000, 0x000000070c200000| Untracked 
| 179|0x000000070c300000, 0x000000070c300000, 0x000000070c400000|  0%| F|  |TAMS 0x000000070c300000, 0x000000070c300000| Untracked 
| 180|0x000000070c400000, 0x000000070c400000, 0x000000070c500000|  0%| F|  |TAMS 0x000000070c400000, 0x000000070c400000| Untracked 
| 181|0x000000070c500000, 0x000000070c500000, 0x000000070c600000|  0%| F|  |TAMS 0x000000070c500000, 0x000000070c500000| Untracked 
| 182|0x000000070c600000, 0x000000070c600000, 0x000000070c700000|  0%| F|  |TAMS 0x000000070c600000, 0x000000070c600000| Untracked 
| 183|0x000000070c700000, 0x000000070c700000, 0x000000070c800000|  0%| F|  |TAMS 0x000000070c700000, 0x000000070c700000| Untracked 
| 184|0x000000070c800000, 0x000000070c800000, 0x000000070c900000|  0%| F|  |TAMS 0x000000070c800000, 0x000000070c800000| Untracked 
| 185|0x000000070c900000, 0x000000070c900000, 0x000000070ca00000|  0%| F|  |TAMS 0x000000070c900000, 0x000000070c900000| Untracked 
| 186|0x000000070ca00000, 0x000000070ca00000, 0x000000070cb00000|  0%| F|  |TAMS 0x000000070ca00000, 0x000000070ca00000| Untracked 
| 187|0x000000070cb00000, 0x000000070cb00000, 0x000000070cc00000|  0%| F|  |TAMS 0x000000070cb00000, 0x000000070cb00000| Untracked 
| 188|0x000000070cc00000, 0x000000070cc00000, 0x000000070cd00000|  0%| F|  |TAMS 0x000000070cc00000, 0x000000070cc00000| Untracked 
| 189|0x000000070cd00000, 0x000000070cd00000, 0x000000070ce00000|  0%| F|  |TAMS 0x000000070cd00000, 0x000000070cd00000| Untracked 
| 190|0x000000070ce00000, 0x000000070ce00000, 0x000000070cf00000|  0%| F|  |TAMS 0x000000070ce00000, 0x000000070ce00000| Untracked 
| 191|0x000000070cf00000, 0x000000070cf00000, 0x000000070d000000|  0%| F|  |TAMS 0x000000070cf00000, 0x000000070cf00000| Untracked 
| 192|0x000000070d000000, 0x000000070d000000, 0x000000070d100000|  0%| F|  |TAMS 0x000000070d000000, 0x000000070d000000| Untracked 
| 193|0x000000070d100000, 0x000000070d100000, 0x000000070d200000|  0%| F|  |TAMS 0x000000070d100000, 0x000000070d100000| Untracked 
| 194|0x000000070d200000, 0x000000070d200000, 0x000000070d300000|  0%| F|  |TAMS 0x000000070d200000, 0x000000070d200000| Untracked 
| 195|0x000000070d300000, 0x000000070d300000, 0x000000070d400000|  0%| F|  |TAMS 0x000000070d300000, 0x000000070d300000| Untracked 
| 196|0x000000070d400000, 0x000000070d400000, 0x000000070d500000|  0%| F|  |TAMS 0x000000070d400000, 0x000000070d400000| Untracked 
| 197|0x000000070d500000, 0x000000070d500000, 0x000000070d600000|  0%| F|  |TAMS 0x000000070d500000, 0x000000070d500000| Untracked 
| 198|0x000000070d600000, 0x000000070d600000, 0x000000070d700000|  0%| F|  |TAMS 0x000000070d600000, 0x000000070d600000| Untracked 
| 199|0x000000070d700000, 0x000000070d700000, 0x000000070d800000|  0%| F|  |TAMS 0x000000070d700000, 0x000000070d700000| Untracked 
| 200|0x000000070d800000, 0x000000070d800000, 0x000000070d900000|  0%| F|  |TAMS 0x000000070d800000, 0x000000070d800000| Untracked 
| 201|0x000000070d900000, 0x000000070d900000, 0x000000070da00000|  0%| F|  |TAMS 0x000000070d900000, 0x000000070d900000| Untracked 
| 202|0x000000070da00000, 0x000000070da00000, 0x000000070db00000|  0%| F|  |TAMS 0x000000070da00000, 0x000000070da00000| Untracked 
| 203|0x000000070db00000, 0x000000070db00000, 0x000000070dc00000|  0%| F|  |TAMS 0x000000070db00000, 0x000000070db00000| Untracked 
| 204|0x000000070dc00000, 0x000000070dc00000, 0x000000070dd00000|  0%| F|  |TAMS 0x000000070dc00000, 0x000000070dc00000| Untracked 
| 205|0x000000070dd00000, 0x000000070dd00000, 0x000000070de00000|  0%| F|  |TAMS 0x000000070dd00000, 0x000000070dd00000| Untracked 
| 206|0x000000070de00000, 0x000000070de00000, 0x000000070df00000|  0%| F|  |TAMS 0x000000070de00000, 0x000000070de00000| Untracked 
| 207|0x000000070df00000, 0x000000070df00000, 0x000000070e000000|  0%| F|  |TAMS 0x000000070df00000, 0x000000070df00000| Untracked 
| 208|0x000000070e000000, 0x000000070e000000, 0x000000070e100000|  0%| F|  |TAMS 0x000000070e000000, 0x000000070e000000| Untracked 
| 209|0x000000070e100000, 0x000000070e100000, 0x000000070e200000|  0%| F|  |TAMS 0x000000070e100000, 0x000000070e100000| Untracked 
| 210|0x000000070e200000, 0x000000070e200000, 0x000000070e300000|  0%| F|  |TAMS 0x000000070e200000, 0x000000070e200000| Untracked 
| 211|0x000000070e300000, 0x000000070e300000, 0x000000070e400000|  0%| F|  |TAMS 0x000000070e300000, 0x000000070e300000| Untracked 
| 212|0x000000070e400000, 0x000000070e400000, 0x000000070e500000|  0%| F|  |TAMS 0x000000070e400000, 0x000000070e400000| Untracked 
| 213|0x000000070e500000, 0x000000070e500000, 0x000000070e600000|  0%| F|  |TAMS 0x000000070e500000, 0x000000070e500000| Untracked 
| 214|0x000000070e600000, 0x000000070e600000, 0x000000070e700000|  0%| F|  |TAMS 0x000000070e600000, 0x000000070e600000| Untracked 
| 215|0x000000070e700000, 0x000000070e700000, 0x000000070e800000|  0%| F|  |TAMS 0x000000070e700000, 0x000000070e700000| Untracked 
| 216|0x000000070e800000, 0x000000070e800000, 0x000000070e900000|  0%| F|  |TAMS 0x000000070e800000, 0x000000070e800000| Untracked 
| 217|0x000000070e900000, 0x000000070e900000, 0x000000070ea00000|  0%| F|  |TAMS 0x000000070e900000, 0x000000070e900000| Untracked 
| 218|0x000000070ea00000, 0x000000070ea00000, 0x000000070eb00000|  0%| F|  |TAMS 0x000000070ea00000, 0x000000070ea00000| Untracked 
| 219|0x000000070eb00000, 0x000000070eb00000, 0x000000070ec00000|  0%| F|  |TAMS 0x000000070eb00000, 0x000000070eb00000| Untracked 
| 220|0x000000070ec00000, 0x000000070ec00000, 0x000000070ed00000|  0%| F|  |TAMS 0x000000070ec00000, 0x000000070ec00000| Untracked 
| 221|0x000000070ed00000, 0x000000070ed00000, 0x000000070ee00000|  0%| F|  |TAMS 0x000000070ed00000, 0x000000070ed00000| Untracked 
| 222|0x000000070ee00000, 0x000000070ee00000, 0x000000070ef00000|  0%| F|  |TAMS 0x000000070ee00000, 0x000000070ee00000| Untracked 
| 223|0x000000070ef00000, 0x000000070ef00000, 0x000000070f000000|  0%| F|  |TAMS 0x000000070ef00000, 0x000000070ef00000| Untracked 
| 224|0x000000070f000000, 0x000000070f000000, 0x000000070f100000|  0%| F|  |TAMS 0x000000070f000000, 0x000000070f000000| Untracked 
| 225|0x000000070f100000, 0x000000070f100000, 0x000000070f200000|  0%| F|  |TAMS 0x000000070f100000, 0x000000070f100000| Untracked 
| 226|0x000000070f200000, 0x000000070f200000, 0x000000070f300000|  0%| F|  |TAMS 0x000000070f200000, 0x000000070f200000| Untracked 
| 227|0x000000070f300000, 0x000000070f300000, 0x000000070f400000|  0%| F|  |TAMS 0x000000070f300000, 0x000000070f300000| Untracked 
| 228|0x000000070f400000, 0x000000070f400000, 0x000000070f500000|  0%| F|  |TAMS 0x000000070f400000, 0x000000070f400000| Untracked 
| 229|0x000000070f500000, 0x000000070f5436f8, 0x000000070f600000| 26%| S|CS|TAMS 0x000000070f500000, 0x000000070f500000| Complete 
| 230|0x000000070f600000, 0x000000070f700000, 0x000000070f700000|100%| S|CS|TAMS 0x000000070f600000, 0x000000070f600000| Complete 
| 231|0x000000070f700000, 0x000000070f800000, 0x000000070f800000|100%| S|CS|TAMS 0x000000070f700000, 0x000000070f700000| Complete 
| 232|0x000000070f800000, 0x000000070f800000, 0x000000070f900000|  0%| F|  |TAMS 0x000000070f800000, 0x000000070f800000| Untracked 
| 233|0x000000070f900000, 0x000000070f900000, 0x000000070fa00000|  0%| F|  |TAMS 0x000000070f900000, 0x000000070f900000| Untracked 
| 234|0x000000070fa00000, 0x000000070fa00000, 0x000000070fb00000|  0%| F|  |TAMS 0x000000070fa00000, 0x000000070fa00000| Untracked 
| 235|0x000000070fb00000, 0x000000070fb00000, 0x000000070fc00000|  0%| F|  |TAMS 0x000000070fb00000, 0x000000070fb00000| Untracked 
| 236|0x000000070fc00000, 0x000000070fc00000, 0x000000070fd00000|  0%| F|  |TAMS 0x000000070fc00000, 0x000000070fc00000| Untracked 
| 237|0x000000070fd00000, 0x000000070fd00000, 0x000000070fe00000|  0%| F|  |TAMS 0x000000070fd00000, 0x000000070fd00000| Untracked 
| 238|0x000000070fe00000, 0x000000070fe00000, 0x000000070ff00000|  0%| F|  |TAMS 0x000000070fe00000, 0x000000070fe00000| Untracked 
| 239|0x000000070ff00000, 0x000000070ff00000, 0x0000000710000000|  0%| F|  |TAMS 0x000000070ff00000, 0x000000070ff00000| Untracked 
| 240|0x0000000710000000, 0x0000000710000000, 0x0000000710100000|  0%| F|  |TAMS 0x0000000710000000, 0x0000000710000000| Untracked 
| 241|0x0000000710100000, 0x0000000710200000, 0x0000000710200000|100%| E|  |TAMS 0x0000000710100000, 0x0000000710100000| Complete 
| 242|0x0000000710200000, 0x0000000710300000, 0x0000000710300000|100%| E|CS|TAMS 0x0000000710200000, 0x0000000710200000| Complete 
| 243|0x0000000710300000, 0x0000000710400000, 0x0000000710400000|100%| E|CS|TAMS 0x0000000710300000, 0x0000000710300000| Complete 
| 244|0x0000000710400000, 0x0000000710500000, 0x0000000710500000|100%| E|CS|TAMS 0x0000000710400000, 0x0000000710400000| Complete 
| 245|0x0000000710500000, 0x0000000710600000, 0x0000000710600000|100%| E|CS|TAMS 0x0000000710500000, 0x0000000710500000| Complete 
| 246|0x0000000710600000, 0x0000000710700000, 0x0000000710700000|100%| E|CS|TAMS 0x0000000710600000, 0x0000000710600000| Complete 
| 247|0x0000000710700000, 0x0000000710800000, 0x0000000710800000|100%| E|CS|TAMS 0x0000000710700000, 0x0000000710700000| Complete 
| 248|0x0000000710800000, 0x0000000710900000, 0x0000000710900000|100%| E|CS|TAMS 0x0000000710800000, 0x0000000710800000| Complete 
| 249|0x0000000710900000, 0x0000000710a00000, 0x0000000710a00000|100%| E|CS|TAMS 0x0000000710900000, 0x0000000710900000| Complete 
| 250|0x0000000710a00000, 0x0000000710b00000, 0x0000000710b00000|100%| E|CS|TAMS 0x0000000710a00000, 0x0000000710a00000| Complete 
| 251|0x0000000710b00000, 0x0000000710c00000, 0x0000000710c00000|100%| E|CS|TAMS 0x0000000710b00000, 0x0000000710b00000| Complete 
| 252|0x0000000710c00000, 0x0000000710d00000, 0x0000000710d00000|100%| E|CS|TAMS 0x0000000710c00000, 0x0000000710c00000| Complete 
| 253|0x0000000710d00000, 0x0000000710e00000, 0x0000000710e00000|100%| E|CS|TAMS 0x0000000710d00000, 0x0000000710d00000| Complete 
| 254|0x0000000710e00000, 0x0000000710f00000, 0x0000000710f00000|100%| E|CS|TAMS 0x0000000710e00000, 0x0000000710e00000| Complete 
| 255|0x0000000710f00000, 0x0000000711000000, 0x0000000711000000|100%| E|CS|TAMS 0x0000000710f00000, 0x0000000710f00000| Complete 

Card table byte_map: [0x000002b7b9b70000,0x000002b7ba370000] _byte_map_base: 0x000002b7b6368000

Marking Bits (Prev, Next): (CMBitMap*) 0x000002b7a1a84898, (CMBitMap*) 0x000002b7a1a848d8
 Prev Bits: [0x000002b7bab70000, 0x000002b7beb30000)
 Next Bits: [0x000002b7beb30000, 0x000002b7c2af0000)

Polling page: 0x000002b79f700000

Metaspace:

Usage:
  Non-class:      6.47 MB capacity,     5.83 MB ( 90%) used,   619.41 KB (  9%) free+waste,    41.63 KB ( <1%) overhead. 
      Class:    953.00 KB capacity,   769.85 KB ( 81%) used,   161.59 KB ( 17%) free+waste,    21.56 KB (  2%) overhead. 
       Both:      7.41 MB capacity,     6.58 MB ( 89%) used,   781.00 KB ( 10%) free+waste,    63.19 KB ( <1%) overhead. 

Virtual space:
  Non-class space:        8.00 MB reserved,       6.50 MB ( 81%) committed 
      Class space:        1.00 GB reserved,       1.00 MB ( <1%) committed 
             Both:        1.01 GB reserved,       7.50 MB ( <1%) committed 

Chunk freelists:
   Non-Class:  0 bytes
       Class:  0 bytes
        Both:  0 bytes

CodeHeap 'non-profiled nmethods': size=120000Kb used=682Kb max_used=682Kb free=119317Kb
 bounds [0x000002b7b18f0000, 0x000002b7b1b60000, 0x000002b7b8e20000]
CodeHeap 'profiled nmethods': size=120000Kb used=3478Kb max_used=3478Kb free=116522Kb
 bounds [0x000002b7aa3c0000, 0x000002b7aa730000, 0x000002b7b18f0000]
CodeHeap 'non-nmethods': size=5760Kb used=1191Kb max_used=1260Kb free=4568Kb
 bounds [0x000002b7a9e20000, 0x000002b7aa090000, 0x000002b7aa3c0000]
 total_blobs=2217 nmethods=1467 adapters=325
 compilation: enabled
              stopped_count=0, restarted_count=0
 full_count=0

Compilation events (10 events):
Event: 0.554 Thread 0x000002b7c6132000 1463       1       java.util.stream.Collectors$CollectorImpl::accumulator (5 bytes)
Event: 0.554 Thread 0x000002b7c6132000 nmethod 1463 0x000002b7b1981990 code [0x000002b7b1981b40, 0x000002b7b1981c78]
Event: 0.554 Thread 0x000002b7c6132000 1464       1       java.util.stream.Collectors$CollectorImpl::combiner (5 bytes)
Event: 0.554 Thread 0x000002b7c6132000 nmethod 1464 0x000002b7b1981d10 code [0x000002b7b1981ec0, 0x000002b7b1981ff8]
Event: 0.554 Thread 0x000002b7c6132000 1465       1       java.lang.invoke.MethodHandle::internalForm (5 bytes)
Event: 0.554 Thread 0x000002b7c6132000 nmethod 1465 0x000002b7b1982090 code [0x000002b7b1982240, 0x000002b7b1982378]
Event: 0.561 Thread 0x000002b7c6284800 nmethod 1455 0x000002b7b1982410 code [0x000002b7b1982600, 0x000002b7b1982fb8]
Event: 1.008 Thread 0x000002b7c612d000 nmethod 952 0x000002b7b1983490 code [0x000002b7b1983bc0, 0x000002b7b19920c0]
Event: 2040.420 Thread 0x000002b7c6132000 1468       3       java.lang.ref.ReferenceQueue::reallyPoll (65 bytes)
Event: 2040.422 Thread 0x000002b7c6132000 nmethod 1468 0x000002b7aa724f90 code [0x000002b7aa725180, 0x000002b7aa725738]

GC Heap History (2 events):
Event: 0.405 GC heap before
{Heap before GC invocations=0 (full 0):
 garbage-first heap   total 262144K, used 24576K [0x0000000701000000, 0x0000000800000000)
  region size 1024K, 24 young (24576K), 0 survivors (0K)
 Metaspace       used 5007K, capacity 6125K, committed 6272K, reserved 1056768K
  class space    used 500K, capacity 637K, committed 640K, reserved 1048576K
}
Event: 0.407 GC heap after
{Heap after GC invocations=1 (full 0):
 garbage-first heap   total 262144K, used 2317K [0x0000000701000000, 0x0000000800000000)
  region size 1024K, 3 young (3072K), 3 survivors (3072K)
 Metaspace       used 5007K, capacity 6125K, committed 6272K, reserved 1056768K
  class space    used 500K, capacity 637K, committed 640K, reserved 1048576K
}

Deoptimization events (10 events):
Event: 0.548 Thread 0x000002b7a1a1c000 Uncommon trap: reason=unstable_if action=reinterpret pc=0x000002b7b1930ac8 method=org.eclipse.jdt.launching.internal.org.objectweb.asm.ClassReader.readUtf(II[C)Ljava/lang/String; @ 41 c2
Event: 0.548 Thread 0x000002b7a1a1c000 Uncommon trap: reason=unstable_if action=reinterpret pc=0x000002b7b193d4e8 method=java.lang.StringUTF16.compress([CII)[B @ 13 c2
Event: 0.548 Thread 0x000002b7a1a1c000 Uncommon trap: reason=unstable_if action=reinterpret pc=0x000002b7b194e220 method=java.lang.String.hashCode()I @ 22 c2
Event: 0.548 Thread 0x000002b7a1a1c000 Uncommon trap: reason=unstable_fused_if action=reinterpret pc=0x000002b7b1937870 method=org.eclipse.jdt.launching.internal.org.objectweb.asm.ByteVector.putUTF8(Ljava/lang/String;)Lorg/eclipse/jdt/launching/internal/org/objectweb/asm/ByteVector; @ 93 c2
Event: 0.548 Thread 0x000002b7a1a1c000 Uncommon trap: reason=unstable_fused_if action=reinterpret pc=0x000002b7b1956e00 method=org.eclipse.jdt.launching.internal.org.objectweb.asm.ByteVector.encodeUtf8(Ljava/lang/String;II)Lorg/eclipse/jdt/launching/internal/org/objectweb/asm/ByteVector; @ 30 
Event: 0.548 Thread 0x000002b7a1a1c000 Uncommon trap: reason=unstable_if action=reinterpret pc=0x000002b7b191a950 method=org.eclipse.jdt.launching.internal.org.objectweb.asm.ClassReader.readUtf(II[C)Ljava/lang/String; @ 41 c2
Event: 0.548 Thread 0x000002b7a1a1c000 Uncommon trap: reason=unstable_if action=reinterpret pc=0x000002b7b18f7d7c method=java.lang.String.isLatin1()Z @ 10 c2
Event: 0.548 Thread 0x000002b7a1a1c000 Uncommon trap: reason=unstable_fused_if action=reinterpret pc=0x000002b7b1919cb4 method=org.eclipse.jdt.launching.internal.org.objectweb.asm.ByteVector.putUTF8(Ljava/lang/String;)Lorg/eclipse/jdt/launching/internal/org/objectweb/asm/ByteVector; @ 93 c2
Event: 0.549 Thread 0x000002b7a1a1c000 Uncommon trap: reason=unstable_if action=reinterpret pc=0x000002b7b18fb28c method=java.lang.String.isLatin1()Z @ 10 c2
Event: 0.549 Thread 0x000002b7a1a1c000 Uncommon trap: reason=unstable_if action=reinterpret pc=0x000002b7b19041e4 method=java.lang.CharacterData.of(I)Ljava/lang/CharacterData; @ 4 c2

Classes redefined (5 events):
Event: 704.084 Thread 0x000002b7c5888000 redefined class name=com.hit.algorithm.BellmanFordAlgo, count=1
Event: 26144.016 Thread 0x000002b7c5888000 redefined class name=com.hit.algorithm.BellmanFordAlgo, count=2
Event: 26217.410 Thread 0x000002b7c5888000 redefined class name=com.hit.algorithm.BellmanFordAlgo, count=3
Event: 26228.524 Thread 0x000002b7c5888000 redefined class name=com.hit.algorithm.BellmanFordAlgo, count=4
Event: 26264.943 Thread 0x000002b7c5888000 redefined class name=com.hit.algorithm.BellmanFordAlgo, count=5

Internal exceptions (10 events):
Event: 0.452 Thread 0x000002b7a1a1c000 Exception <a 'java/lang/NoSuchMethodError'{0x0000000710be7908}: java.lang.invoke.DirectMethodHandle$Holder.invokeInterface(Ljava/lang/Object;Ljava/lang/Object;Ljava/lang/Object;Ljava/lang/Object;)V> (0x0000000710be7908) thrown at [t:/workspace/open/src/ho
Event: 0.462 Thread 0x000002b7a1a1c000 Exception <a 'java/lang/NoSuchMethodError'{0x0000000710ad45c8}: java.lang.invoke.DirectMethodHandle$Holder.invokeVirtual(Ljava/lang/Object;Ljava/lang/Object;Ljava/lang/Object;)Ljava/lang/Object;> (0x0000000710ad45c8) thrown at [t:/workspace/open/src/hotsp
Event: 0.467 Thread 0x000002b7a1a1c000 Exception <a 'java/lang/IncompatibleClassChangeError'{0x00000007109602e0}: Found class java.lang.Object, but interface was expected> (0x00000007109602e0) thrown at [t:/workspace/open/src/hotspot/share/interpreter/linkResolver.cpp, line 843]
Event: 0.487 Thread 0x000002b7a1a1c000 Exception <a 'java/lang/NoSuchMethodError'{0x00000007107fbe70}: java.lang.invoke.DirectMethodHandle$Holder.invokeSpecial(Ljava/lang/Object;Ljava/lang/Object;)V> (0x00000007107fbe70) thrown at [t:/workspace/open/src/hotspot/share/interpreter/linkResolver.c
Event: 0.494 Thread 0x000002b7a1a1c000 Exception <a 'java/lang/NoSuchMethodError'{0x00000007106d4ed8}: java.lang.invoke.DirectMethodHandle$Holder.invokeStatic(Ljava/lang/Object;Ljava/lang/Object;Ljava/lang/Object;Ljava/lang/Object;Ljava/lang/Object;)I> (0x00000007106d4ed8) thrown at [t:/worksp
Event: 0.508 Thread 0x000002b7a1a1c000 Exception <a 'java/lang/NoSuchMethodError'{0x000000071047db70}: java.lang.invoke.DirectMethodHandle$Holder.invokeStaticInit(Ljava/lang/Object;Ljava/lang/Object;Ljava/lang/Object;)I> (0x000000071047db70) thrown at [t:/workspace/open/src/hotspot/share/inter
Event: 0.522 Thread 0x000002b7a1a1c000 Exception <a 'java/lang/NoSuchMethodError'{0x000000071036c398}: java.lang.invoke.DirectMethodHandle$Holder.invokeStaticInit(Ljava/lang/Object;Ljava/lang/Object;)I> (0x000000071036c398) thrown at [t:/workspace/open/src/hotspot/share/interpreter/linkResolve
Event: 0.530 Thread 0x000002b7a1a1c000 Exception <a 'java/lang/NoSuchMethodError'{0x00000007103f95e0}: java.lang.invoke.DirectMethodHandle$Holder.invokeInterface(Ljava/lang/Object;Ljava/lang/Object;Ljava/lang/Object;Ljava/lang/Object;Ljava/lang/Object;)Ljava/lang/Object;> (0x00000007103f95e0) 
Event: 0.530 Thread 0x000002b7a1a1c000 Exception <a 'java/lang/IncompatibleClassChangeError'{0x00000007103fc8e8}: Found class java.lang.Object, but interface was expected> (0x00000007103fc8e8) thrown at [t:/workspace/open/src/hotspot/share/interpreter/linkResolver.cpp, line 843]
Event: 0.544 Thread 0x000002b7a1a1c000 Exception <a 'java/lang/IncompatibleClassChangeError'{0x000000071026f070}: Found class java.lang.Object, but interface was expected> (0x000000071026f070) thrown at [t:/workspace/open/src/hotspot/share/interpreter/linkResolver.cpp, line 843]

Events (10 events):
Event: 26265.458 Executing VM operation: GetCurrentContendedMonitor done
Event: 26265.458 Executing VM operation: GetOwnedMonitorInfo
Event: 26265.458 Executing VM operation: GetOwnedMonitorInfo done
Event: 26265.890 Executing VM operation: GetCurrentContendedMonitor
Event: 26265.890 Executing VM operation: GetCurrentContendedMonitor done
Event: 26265.890 Executing VM operation: GetOwnedMonitorInfo
Event: 26265.890 Executing VM operation: GetOwnedMonitorInfo done
Event: 26266.812 Executing VM operation: GetFrameLocation
Event: 26266.812 Executing VM operation: GetFrameLocation done
Event: 26266.812 Executing VM operation: GetOrSetLocal


Dynamic libraries:
0x00007ff75de40000 - 0x00007ff75de4f000 	C:\Program Files\Java\jdk-12.0.2\bin\javaw.exe
0x00007fff71800000 - 0x00007fff719f0000 	C:\WINDOWS\SYSTEM32\ntdll.dll
0x00007fff70080000 - 0x00007fff70132000 	C:\WINDOWS\System32\KERNEL32.DLL
0x00007fff6f0b0000 - 0x00007fff6f353000 	C:\WINDOWS\System32\KERNELBASE.dll
0x00007fff6f380000 - 0x00007fff6f47a000 	C:\WINDOWS\System32\ucrtbase.dll
0x00007fff668f0000 - 0x00007fff66908000 	C:\Program Files\Java\jdk-12.0.2\bin\jli.dll
0x00007fff61610000 - 0x00007fff61626000 	C:\Program Files\Java\jdk-12.0.2\bin\VCRUNTIME140.dll
0x00007fff71320000 - 0x00007fff713c3000 	C:\WINDOWS\System32\ADVAPI32.dll
0x00007fff713d0000 - 0x00007fff7146e000 	C:\WINDOWS\System32\msvcrt.dll
0x00007fff6ffe0000 - 0x00007fff70077000 	C:\WINDOWS\System32\sechost.dll
0x00007fff711a0000 - 0x00007fff712c0000 	C:\WINDOWS\System32\RPCRT4.dll
0x00007fff71000000 - 0x00007fff71194000 	C:\WINDOWS\System32\USER32.dll
0x00007fff6f880000 - 0x00007fff6f8a1000 	C:\WINDOWS\System32\win32u.dll
0x00007fff63a80000 - 0x00007fff63d05000 	C:\WINDOWS\WinSxS\amd64_microsoft.windows.common-controls_6595b64144ccf1df_6.0.18362.535_none_e6c3b34713100821\COMCTL32.dll
0x00007fff6ffb0000 - 0x00007fff6ffd6000 	C:\WINDOWS\System32\GDI32.dll
0x00007fff71480000 - 0x00007fff717b6000 	C:\WINDOWS\System32\combase.dll
0x00007fff6f6e0000 - 0x00007fff6f874000 	C:\WINDOWS\System32\gdi32full.dll
0x00007fff6e790000 - 0x00007fff6e810000 	C:\WINDOWS\System32\bcryptPrimitives.dll
0x00007fff6f010000 - 0x00007fff6f0ae000 	C:\WINDOWS\System32\msvcp_win.dll
0x00007fff69360000 - 0x00007fff6936a000 	C:\WINDOWS\SYSTEM32\VERSION.dll
0x00007fff6fb50000 - 0x00007fff6fb7e000 	C:\WINDOWS\System32\IMM32.DLL
0x00007fff45710000 - 0x00007fff457ba000 	C:\Program Files\Java\jdk-12.0.2\bin\msvcp140.dll
0x00007fff40e30000 - 0x00007fff419a7000 	C:\Program Files\Java\jdk-12.0.2\bin\server\jvm.dll
0x00007fff71470000 - 0x00007fff71478000 	C:\WINDOWS\System32\PSAPI.DLL
0x00007fff6c650000 - 0x00007fff6c659000 	C:\WINDOWS\SYSTEM32\WSOCK32.dll
0x00007fff6c440000 - 0x00007fff6c464000 	C:\WINDOWS\SYSTEM32\WINMM.dll
0x00007fff70830000 - 0x00007fff7089f000 	C:\WINDOWS\System32\WS2_32.dll
0x00007fff6bfc0000 - 0x00007fff6bfed000 	C:\WINDOWS\SYSTEM32\WINMMBASE.dll
0x00007fff6e840000 - 0x00007fff6e88a000 	C:\WINDOWS\System32\cfgmgr32.dll
0x00007fff6e770000 - 0x00007fff6e781000 	C:\WINDOWS\System32\kernel.appcore.dll
0x00007fff6af00000 - 0x00007fff6af11000 	C:\Program Files\Java\jdk-12.0.2\bin\verify.dll
0x00007fff5e0c0000 - 0x00007fff5e2b4000 	C:\WINDOWS\SYSTEM32\DBGHELP.DLL
0x00007fff5dcb0000 - 0x00007fff5dcda000 	C:\WINDOWS\SYSTEM32\dbgcore.DLL
0x00007fff6aed0000 - 0x00007fff6aef6000 	C:\Program Files\Java\jdk-12.0.2\bin\java.dll
0x00007fff50080000 - 0x00007fff500b8000 	C:\Program Files\Java\jdk-12.0.2\bin\jdwp.dll
0x00007fff6aec0000 - 0x00007fff6aece000 	C:\Program Files\Java\jdk-12.0.2\bin\instrument.dll
0x00007fff66930000 - 0x00007fff66947000 	C:\Program Files\Java\jdk-12.0.2\bin\zip.dll
0x00007fff6c5f0000 - 0x00007fff6c5fa000 	C:\Program Files\Java\jdk-12.0.2\bin\jimage.dll
0x00007fff70140000 - 0x00007fff70825000 	C:\WINDOWS\System32\SHELL32.dll
0x00007fff6ff00000 - 0x00007fff6ffa9000 	C:\WINDOWS\System32\shcore.dll
0x00007fff6e890000 - 0x00007fff6f00f000 	C:\WINDOWS\System32\windows.storage.dll
0x00007fff6e730000 - 0x00007fff6e74f000 	C:\WINDOWS\System32\profapi.dll
0x00007fff6e6e0000 - 0x00007fff6e72a000 	C:\WINDOWS\System32\powrprof.dll
0x00007fff6e6d0000 - 0x00007fff6e6e0000 	C:\WINDOWS\System32\UMPDC.dll
0x00007fff70ef0000 - 0x00007fff70f42000 	C:\WINDOWS\System32\shlwapi.dll
0x00007fff6f360000 - 0x00007fff6f377000 	C:\WINDOWS\System32\cryptsp.dll
0x00007fff61590000 - 0x00007fff6159a000 	C:\Program Files\Java\jdk-12.0.2\bin\dt_socket.dll
0x00007fff6dee0000 - 0x00007fff6df47000 	C:\WINDOWS\System32\mswsock.dll
0x00007fff6dc30000 - 0x00007fff6dcfa000 	C:\WINDOWS\SYSTEM32\DNSAPI.dll
0x00007fff70ec0000 - 0x00007fff70ec8000 	C:\WINDOWS\System32\NSI.dll
0x00007fff6dbf0000 - 0x00007fff6dc2a000 	C:\WINDOWS\SYSTEM32\IPHLPAPI.DLL
0x00007fff62100000 - 0x00007fff62177000 	C:\WINDOWS\System32\fwpuclnt.dll
0x00007fff6e810000 - 0x00007fff6e836000 	C:\WINDOWS\System32\bcrypt.dll
0x00007fff635f0000 - 0x00007fff635fa000 	C:\Windows\System32\rasadhlp.dll
0x00007fff66910000 - 0x00007fff66929000 	C:\Program Files\Java\jdk-12.0.2\bin\net.dll
0x00007fff63140000 - 0x00007fff63316000 	C:\WINDOWS\SYSTEM32\urlmon.dll
0x00007fff69270000 - 0x00007fff69360000 	C:\WINDOWS\SYSTEM32\WINHTTP.dll
0x00007fff62e90000 - 0x00007fff63136000 	C:\WINDOWS\SYSTEM32\iertutil.dll
0x00007fff6e0b0000 - 0x00007fff6e0bc000 	C:\WINDOWS\SYSTEM32\CRYPTBASE.DLL
0x00007fff667d0000 - 0x00007fff667e3000 	C:\Program Files\Java\jdk-12.0.2\bin\nio.dll

dbghelp: loaded successfully - version: 4.0.5 - missing functions: none
symbol engine: initialized successfully - sym options: 0x614 - pdb path: .;C:\Program Files\Java\jdk-12.0.2\bin;C:\WINDOWS\SYSTEM32;C:\WINDOWS\WinSxS\amd64_microsoft.windows.common-controls_6595b64144ccf1df_6.0.18362.535_none_e6c3b34713100821;C:\Program Files\Java\jdk-12.0.2\bin\server

VM Arguments:
jvm_args: -agentlib:jdwp=transport=dt_socket,suspend=y,address=localhost:52887 -ea -javaagent:C:\Users\Yuval Shimon\eclipse\java-2019-12\eclipse\configuration\org.eclipse.osgi\226\0\.cp\lib\javaagent-shaded.jar -Dfile.encoding=Cp1252 
java_command: org.eclipse.jdt.internal.junit.runner.RemoteTestRunner -version 3 -port 52886 -testLoaderClass org.eclipse.jdt.internal.junit5.runner.JUnit5TestLoader -loaderpluginname org.eclipse.jdt.junit5.runtime -classNames com.hit.test.BelmanFordAlgoTest
java_class_path (initial): C:\Users\Yuval Shimon\eclipse-workspace\SPPJava\ShortestPathProblem\bin;C:\Users\Yuval Shimon\.p2\pool\plugins\org.junit.jupiter.api_5.5.1.v20190826-0900.jar;C:\Users\Yuval Shimon\.p2\pool\plugins\org.junit.jupiter.engine_5.5.1.v20190826-0900.jar;C:\Users\Yuval Shimon\.p2\pool\plugins\org.junit.jupiter.migrationsupport_5.5.1.v20190826-0900.jar;C:\Users\Yuval Shimon\.p2\pool\plugins\org.junit.jupiter.params_5.5.1.v20190826-0900.jar;C:\Users\Yuval Shimon\.p2\pool\plugins\org.junit.platform.commons_1.5.1.v20190826-0900.jar;C:\Users\Yuval Shimon\.p2\pool\plugins\org.junit.platform.engine_1.5.1.v20190826-0900.jar;C:\Users\Yuval Shimon\.p2\pool\plugins\org.junit.platform.launcher_1.5.1.v20190826-0900.jar;C:\Users\Yuval Shimon\.p2\pool\plugins\org.junit.platform.runner_1.5.1.v20190826-0900.jar;C:\Users\Yuval Shimon\.p2\pool\plugins\org.junit.platform.suite.api_1.5.1.v20190826-0900.jar;C:\Users\Yuval Shimon\.p2\pool\plugins\org.junit.vintage.engine_5.5.1.v20190826-0900.jar;C:\Users\Yuval Shimon\.p2\pool\plugins\org.opentest4j_1.2.0.v20190826-0900.jar;C:\Users\Yuval Shimon\.p2\pool\plugins\org.apiguardian_1.1.0.v20190826-0900.jar;C:\Users\Yuval Shimon\.p2\pool\plugins\org.junit_4.12.0.v201504281640\junit.jar;C:\Users\Yuval Shimon\.p2\pool\plugins\org.hamcrest.core_1.3.0.v20180420-1519.jar;C:\Users\Yuval Shimon\eclipse\java-2019-12\eclipse\configuration\org.eclipse.osgi\225\0\.cp;C:\Users\Yuval Shimon\eclipse\java-2019-12\eclipse\configuration\org.eclipse.osgi\223\0\.cp
Launcher Type: SUN_STANDARD

[Global flags]
     intx CICompilerCount                          = 4                                         {product} {ergonomic}
     uint ConcGCThreads                            = 3                                         {product} {ergonomic}
     uint G1ConcRefinementThreads                  = 10                                        {product} {ergonomic}
   size_t G1HeapRegionSize                         = 1048576                                   {product} {ergonomic}
    uintx GCDrainStackTargetSize                   = 64                                        {product} {ergonomic}
   size_t InitialHeapSize                          = 268435456                                 {product} {ergonomic}
   size_t MarkStackSize                            = 4194304                                   {product} {ergonomic}
   size_t MaxHeapSize                              = 4278190080                                {product} {ergonomic}
   size_t MaxNewSize                               = 2566914048                                {product} {ergonomic}
   size_t MinHeapDeltaBytes                        = 1048576                                   {product} {ergonomic}
    uintx NonNMethodCodeHeapSize                   = 5836300                                {pd product} {ergonomic}
    uintx NonProfiledCodeHeapSize                  = 122910970                              {pd product} {ergonomic}
    uintx ProfiledCodeHeapSize                     = 122910970                              {pd product} {ergonomic}
    uintx ReservedCodeCacheSize                    = 251658240                              {pd product} {ergonomic}
     bool SegmentedCodeCache                       = true                                      {product} {ergonomic}
     bool UseCompressedClassPointers               = true                                 {lp64_product} {ergonomic}
     bool UseCompressedOops                        = true                                 {lp64_product} {ergonomic}
     bool UseG1GC                                  = true                                      {product} {ergonomic}
     bool UseLargePagesIndividualAllocation        = false                                  {pd product} {ergonomic}

Logging:
Log output configuration:
 #0: stdout all=warning uptime,level,tags
 #1: stderr all=off uptime,level,tags

Environment Variables:
JAVA_HOME=C:\Program Files\Java\jdk-12.0.2
JRE_HOME=C:\Program Files\Java\jdk-12.0.2
PATH=C:/Program Files/Java/jdk-12.0.2/bin/server;C:/Program Files/Java/jdk-12.0.2/bin;C:\Program Files\Java;C:\Program Files (x86)\Common Files\Oracle\Java\javapath;C:\WINDOWS\system32;C:\WINDOWS;C:\WINDOWS\System32\Wbem;C:\WINDOWS\System32\WindowsPowerShell\v1.0\;C:\Users\Yuval Shimon\.dnx\bin;C:\Program Files\Microsoft DNX\Dnvm\;C:\Program Files\Microsoft SQL Server\130\Tools\Binn\;C:\Program Files\Microsoft SQL Server\120\Tools\Binn\;C:\Program Files\Git\cmd;C:\WINDOWS\System32\OpenSSH\;C:\Program Files (x86)\NVIDIA Corporation\PhysX\Common;C:\Program Files\MySQL\MySQL Utilities 1.6\;C:\Program Files\dotnet\;C:\Program Files (x86)\nodejs\;C:\Program Files\NVIDIA Corporation\NVIDIA NvDLISR;C:\WINDOWS\system32;C:\WINDOWS;C:\WINDOWS\System32\Wbem;C:\WINDOWS\System32\WindowsPowerShell\v1.0\;C:\WINDOWS\System32\OpenSSH\;C:\Program Files\Java\jdk-12.0.2\bin;C:\Users\Yuval Shimon\AppData\Local\Microsoft\WindowsApps;C:\Users\Yuval Shimon\AppData\Local\Programs\Microsoft VS Code\bin;C:\Users\Yuval Shimon\AppData\Roaming\npm;C:\Program Files\apache-maven-3.6.1\bin;C:\Program Files\Java\jdk-12.0.2;;C:\Users\Yuval Shimon\Desktop;
USERNAME=Yuval Shimon
OS=Windows_NT
PROCESSOR_IDENTIFIER=Intel64 Family 6 Model 158 Stepping 10, GenuineIntel



---------------  S Y S T E M  ---------------

OS: Windows 10 , 64 bit Build 18362 (10.0.18362.329)

CPU:total 12 (initial active 12) (6 cores per cpu, 2 threads per core) family 6 model 158 stepping 10, cmov, cx8, fxsr, mmx, sse, sse2, sse3, ssse3, sse4.1, sse4.2, popcnt, avx, avx2, aes, clmul, erms, rtm, 3dnowpref, lzcnt, ht, tsc, tscinvbit, bmi1, bmi2, adx, fma

Memory: 4k page, system-wide physical 16318M (10132M free)
TotalPageFile size 18750M (AvailPageFile size 8905M)
current process WorkingSet (physical memory assigned to process): 62M, peak: 119M
current process commit charge ("private bytes"): 369M, peak: 412M

vm_info: Java HotSpot(TM) 64-Bit Server VM (12.0.2+10) for windows-amd64 JRE (12.0.2+10), built on Jul 16 2019 01:56:17 by "mach5one" with MS VC++ 15.5 (VS2017)

END.
